# JRE version: OpenJDK Runtime Environment (8.0_152-b01) (build 1.8.0_152-release-915-b01)
# Java VM: OpenJDK 64-Bit Server VM (25.152-b01 mixed mode linux-amd64 compressed oops)
Heap:
 PSYoungGen      total 259072K, used 38021K [0x00000000e0000000, 0x00000000f5a80000, 0x0000000100000000)
  eden space 201216K, 0% used [0x00000000e0000000,0x00000000e0000000,0x00000000ec480000)
  from space 57856K, 65% used [0x00000000f2200000,0x00000000f47216c8,0x00000000f5a80000)
  to   space 51200K, 0% used [0x00000000ec480000,0x00000000ec480000,0x00000000ef680000)
 ParOldGen       total 132608K, used 63723K [0x00000000a0000000, 0x00000000a8180000, 0x00000000e0000000)
  object space 132608K, 48% used [0x00000000a0000000,0x00000000a3e3ad20,0x00000000a8180000)
 Metaspace       used 76382K, capacity 79954K, committed 80088K, reserved 1118208K
  class space    used 9668K, capacity 10444K, committed 10496K, reserved 1048576K
GC Heap History (10 events):
Event: 121.929 GC heap after
Heap after GC invocations=20 (full 3):
 PSYoungGen      total 190976K, used 21340K [0x00000000e0000000, 0x00000000ee980000, 0x0000000100000000)
  eden space 167936K, 0% used [0x00000000e0000000,0x00000000e0000000,0x00000000ea400000)
  from space 23040K, 92% used [0x00000000ea400000,0x00000000eb8d7130,0x00000000eba80000)
  to   space 25600K, 0% used [0x00000000ed080000,0x00000000ed080000,0x00000000ee980000)
 ParOldGen       total 132608K, used 34585K [0x00000000a0000000, 0x00000000a8180000, 0x00000000e0000000)
  object space 132608K, 26% used [0x00000000a0000000,0x00000000a21c6430,0x00000000a8180000)
 Metaspace       used 70611K, capacity 73766K, committed 74072K, reserved 1114112K
  class space    used 9046K, capacity 9758K, committed 9856K, reserved 1048576K
}
Event: 124.864 GC heap before
{Heap before GC invocations=21 (full 3):
 PSYoungGen      total 190976K, used 189276K [0x00000000e0000000, 0x00000000ee980000, 0x0000000100000000)
  eden space 167936K, 100% used [0x00000000e0000000,0x00000000ea400000,0x00000000ea400000)
  from space 23040K, 92% used [0x00000000ea400000,0x00000000eb8d7130,0x00000000eba80000)
  to   space 25600K, 0% used [0x00000000ed080000,0x00000000ed080000,0x00000000ee980000)
 ParOldGen       total 132608K, used 34585K [0x00000000a0000000, 0x00000000a8180000, 0x00000000e0000000)
  object space 132608K, 26% used [0x00000000a0000000,0x00000000a21c6430,0x00000000a8180000)
 Metaspace       used 70863K, capacity 74008K, committed 74328K, reserved 1114112K
  class space    used 9051K, capacity 9765K, committed 9856K, reserved 1048576K
Event: 124.950 GC heap after
Heap after GC invocations=21 (full 3):
 PSYoungGen      total 208896K, used 25571K [0x00000000e0000000, 0x00000000ef600000, 0x0000000100000000)
  eden space 183296K, 0% used [0x00000000e0000000,0x00000000e0000000,0x00000000eb300000)
  from space 25600K, 99% used [0x00000000ed080000,0x00000000ee978f58,0x00000000ee980000)
  to   space 30208K, 0% used [0x00000000eb300000,0x00000000eb300000,0x00000000ed080000)
 ParOldGen       total 132608K, used 36856K [0x00000000a0000000, 0x00000000a8180000, 0x00000000e0000000)
  object space 132608K, 27% used [0x00000000a0000000,0x00000000a23fe028,0x00000000a8180000)
 Metaspace       used 70863K, capacity 74008K, committed 74328K, reserved 1114112K
  class space    used 9051K, capacity 9765K, committed 9856K, reserved 1048576K
}
Event: 127.640 GC heap before
{Heap before GC invocations=22 (full 3):
 PSYoungGen      total 208896K, used 208867K [0x00000000e0000000, 0x00000000ef600000, 0x0000000100000000)
  eden space 183296K, 100% used [0x00000000e0000000,0x00000000eb300000,0x00000000eb300000)
  from space 25600K, 99% used [0x00000000ed080000,0x00000000ee978f58,0x00000000ee980000)
  to   space 30208K, 0% used [0x00000000eb300000,0x00000000eb300000,0x00000000ed080000)
 ParOldGen       total 132608K, used 36856K [0x00000000a0000000, 0x00000000a8180000, 0x00000000e0000000)
  object space 132608K, 27% used [0x00000000a0000000,0x00000000a23fe028,0x00000000a8180000)
 Metaspace       used 74196K, capacity 77474K, committed 77656K, reserved 1116160K
  class space    used 9372K, capacity 10104K, committed 10112K, reserved 1048576K
Event: 127.676 GC heap after
Heap after GC invocations=22 (full 3):
 PSYoungGen      total 213504K, used 30188K [0x00000000e0000000, 0x00000000f2200000, 0x0000000100000000)
  eden space 183296K, 0% used [0x00000000e0000000,0x00000000e0000000,0x00000000eb300000)
  from space 30208K, 99% used [0x00000000eb300000,0x00000000ed07b1c8,0x00000000ed080000)
  to   space 44544K, 0% used [0x00000000ef680000,0x00000000ef680000,0x00000000f2200000)
 ParOldGen       total 132608K, used 63699K [0x00000000a0000000, 0x00000000a8180000, 0x00000000e0000000)
  object space 132608K, 48% used [0x00000000a0000000,0x00000000a3e34d20,0x00000000a8180000)
 Metaspace       used 74196K, capacity 77474K, committed 77656K, reserved 1116160K
  class space    used 9372K, capacity 10104K, committed 10112K, reserved 1048576K
}
Event: 128.795 GC heap before
{Heap before GC invocations=23 (full 3):
 PSYoungGen      total 213504K, used 213484K [0x00000000e0000000, 0x00000000f2200000, 0x0000000100000000)
  eden space 183296K, 100% used [0x00000000e0000000,0x00000000eb300000,0x00000000eb300000)
  from space 30208K, 99% used [0x00000000eb300000,0x00000000ed07b1c8,0x00000000ed080000)
  to   space 44544K, 0% used [0x00000000ef680000,0x00000000ef680000,0x00000000f2200000)
 ParOldGen       total 132608K, used 63699K [0x00000000a0000000, 0x00000000a8180000, 0x00000000e0000000)
  object space 132608K, 48% used [0x00000000a0000000,0x00000000a3e34d20,0x00000000a8180000)
 Metaspace       used 74793K, capacity 78072K, committed 78296K, reserved 1118208K
  class space    used 9430K, capacity 10175K, committed 10240K, reserved 1048576K
Event: 128.877 GC heap after
Heap after GC invocations=23 (full 3):
 PSYoungGen      total 245760K, used 42812K [0x00000000e0000000, 0x00000000f3900000, 0x0000000100000000)
  eden space 201216K, 0% used [0x00000000e0000000,0x00000000e0000000,0x00000000ec480000)
  from space 44544K, 96% used [0x00000000ef680000,0x00000000f204f1c0,0x00000000f2200000)
  to   space 51200K, 0% used [0x00000000ec480000,0x00000000ec480000,0x00000000ef680000)
 ParOldGen       total 132608K, used 63707K [0x00000000a0000000, 0x00000000a8180000, 0x00000000e0000000)
  object space 132608K, 48% used [0x00000000a0000000,0x00000000a3e36d20,0x00000000a8180000)
 Metaspace       used 74793K, capacity 78072K, committed 78296K, reserved 1118208K
  class space    used 9430K, capacity 10175K, committed 10240K, reserved 1048576K
}
Event: 130.766 GC heap before
{Heap before GC invocations=24 (full 3):
 PSYoungGen      total 245760K, used 242121K [0x00000000e0000000, 0x00000000f3900000, 0x0000000100000000)
  eden space 201216K, 99% used [0x00000000e0000000,0x00000000ec2a34f8,0x00000000ec480000)
  from space 44544K, 96% used [0x00000000ef680000,0x00000000f204f1c0,0x00000000f2200000)
  to   space 51200K, 0% used [0x00000000ec480000,0x00000000ec480000,0x00000000ef680000)
 ParOldGen       total 132608K, used 63707K [0x00000000a0000000, 0x00000000a8180000, 0x00000000e0000000)
  object space 132608K, 48% used [0x00000000a0000000,0x00000000a3e36d20,0x00000000a8180000)
 Metaspace       used 76142K, capacity 79720K, committed 79832K, reserved 1118208K
  class space    used 9637K, capacity 10435K, committed 10496K, reserved 1048576K
Event: 130.817 GC heap after
Heap after GC invocations=24 (full 3):
 PSYoungGen      total 252416K, used 46652K [0x00000000e0000000, 0x00000000f5a80000, 0x0000000100000000)
  eden space 201216K, 0% used [0x00000000e0000000,0x00000000e0000000,0x00000000ec480000)
  from space 51200K, 91% used [0x00000000ec480000,0x00000000ef20f2f0,0x00000000ef680000)
  to   space 57856K, 0% used [0x00000000f2200000,0x00000000f2200000,0x00000000f5a80000)
 ParOldGen       total 132608K, used 63715K [0x00000000a0000000, 0x00000000a8180000, 0x00000000e0000000)
  object space 132608K, 48% used [0x00000000a0000000,0x00000000a3e38d20,0x00000000a8180000)
 Metaspace       used 76142K, capacity 79720K, committed 79832K, reserved 1118208K
  class space    used 9637K, capacity 10435K, committed 10496K, reserved 1048576K
}
Event: 131.306 GC heap before
{Heap before GC invocations=25 (full 3):
 PSYoungGen      total 252416K, used 247828K [0x00000000e0000000, 0x00000000f5a80000, 0x0000000100000000)
  eden space 201216K, 99% used [0x00000000e0000000,0x00000000ec4760e8,0x00000000ec480000)
  from space 51200K, 91% used [0x00000000ec480000,0x00000000ef20f2f0,0x00000000ef680000)
  to   space 57856K, 0% used [0x00000000f2200000,0x00000000f2200000,0x00000000f5a80000)
 ParOldGen       total 132608K, used 63715K [0x00000000a0000000, 0x00000000a8180000, 0x00000000e0000000)
  object space 132608K, 48% used [0x00000000a0000000,0x00000000a3e38d20,0x00000000a8180000)
 Metaspace       used 76382K, capacity 79954K, committed 80088K, reserved 1118208K
  class space    used 9668K, capacity 10444K, committed 10496K, reserved 1048576K

